2023-01-18 16:41:10 INFO  UserAuthentication:23 - !!!!!!!!!!!!User Authentication!!!!!!!!!!!!!
  2023-01-18 16:43:02 INFO  UserAuthentication:23 - 2!!!!!!!!!!!!User Authentication!!!!!!!!!!!!!
  2023-01-18 16:43:29 INFO  UserAuthentication:23 - 
!!!!!!!!!!!!User Authentication!!!!!!!!!!!!!
  2023-01-18 16:44:32 INFO  UserAuthentication:23 - 
!!!!!!!!!!!!User Authentication!!!!!!!!!!!!!
  2023-01-18 16:44:32 INFO  UserAuthentication:24 - 
Enter choice
1.Sign In 
2.Display
Enter your choice:
  2023-01-18 16:45:06 INFO  UserAuthentication:34 - 

User Authentication Page
Press 1 to continue
Press 0 to terminate the program
Enter your choice:
  2023-01-18 16:52:02 INFO  UserAuthentication:13 - Enter the Amount in USD: 
  2023-01-18 16:52:24 INFO  UserAuthentication:13 - 
Enter the Amount in USD: 
  2023-01-18 16:52:26 INFO  UserAuthentication:17 - 
5 USD in INR is equal to 411.34999999999997 Rs
  2023-01-18 17:15:45 INFO  UserAuthentication:13 - 
Enter the Amount in USD: 
  2023-01-18 17:15:55 INFO  UserAuthentication:23 - 
!!!!!!!!!!!!User Authentication!!!!!!!!!!!!!
  2023-01-18 17:15:55 INFO  UserAuthentication:24 - 
Enter choice
1.Sign In 
2.Display
Enter your choice:
  2023-01-18 17:16:13 INFO  UserAuthentication:24 - 
!!!!!!!!!!!!!!!Question Operation Menu!!!!!!!!!!!!!!!
  2023-01-18 17:16:13 INFO  UserAuthentication:25 - 1.Add Questions
2.Display Questions
Enter you choice here:
  2023-01-18 17:16:57 INFO  UserAuthentication:24 - 
!!!!!!!!!!!!!!!Question Operation Menu!!!!!!!!!!!!!!!
  2023-01-18 17:16:57 INFO  UserAuthentication:25 - 
1.Add Questions
2.Display Questions
Enter you choice here:
  2023-01-18 17:17:00 INFO  UserAuthentication:26 - Enter questionId:
  2023-01-18 17:29:03 INFO  UserAuthentication:23 - 
!!!!!!!!!!!!User Authentication!!!!!!!!!!!!!
  2023-01-18 17:29:03 INFO  UserAuthentication:24 - 
Enter choice
1.Sign In 
2.Display
Enter your choice:
  2023-01-18 17:29:22 INFO  UserAuthentication:24 - 
!!!!!!!!!!!!!!!Question Operation Menu!!!!!!!!!!!!!!!
  2023-01-18 17:29:22 INFO  UserAuthentication:25 - 
1.Add Questions
2.Display Questions
Enter you choice here:
  2023-01-18 18:26:49 INFO  UserAuthentication:23 - 
!!!!!!!!!!!!User Authentication!!!!!!!!!!!!!
  2023-01-18 18:26:49 INFO  UserAuthentication:24 - 
Enter choice
1.Sign In 
2.Display
Enter your choice:
  2023-01-18 18:27:09 INFO  UserAuthentication:24 - 
!!!!!!!!!!!!!!!Question Operation Menu!!!!!!!!!!!!!!!
  2023-01-18 18:27:09 INFO  UserAuthentication:25 - 
1.Add Questions
2.Display Questions
Enter you choice here:
  2023-01-18 21:19:21 INFO  UserAuthentication:24 - 
!!!!!!!!!!!!!!!Question Operation Menu!!!!!!!!!!!!!!!
  2023-01-18 21:19:21 INFO  UserAuthentication:25 - 
1.Add Questions
2.Display Questions
Enter you choice here:
  2023-01-18 21:19:27 INFO  UserAuthentication:75 - Q1 Instructor Instructor knowledgeable and handle all your queries
  2023-01-18 21:19:27 INFO  UserAuthentication:75 - Q2 Instructor All the topics in a particular course handled by the trainer without any gaps or slipages
  2023-01-18 21:19:27 INFO  UserAuthentication:75 - Q3 Course Material The course material(presentation,hands on,etc.) referred during the training are relevent and useful
  2023-01-18 21:19:27 INFO  UserAuthentication:75 - Q4 Course Material The reference material referred for each module are adequate
  2023-01-18 21:19:27 INFO  UserAuthentication:75 - Q5 Learning Effectiveness Knoweledge and skills presented in this training are applicable to your work
  2023-01-18 21:19:27 INFO  UserAuthentication:75 - Q6 Environment The physical environment(classroom space,air-conditioning) was conductive to learning
  2023-01-18 21:19:27 INFO  UserAuthentication:75 - Q7 Environment The software/hardware environment provided was sufficient for the purpose of the training
  2023-01-18 21:19:27 INFO  UserAuthentication:75 - Q8 Job Impact This training will improve your job performance
  2023-01-18 21:19:27 INFO  UserAuthentication:39 - 
!!!!!!!!!!!!!Question Menu Page!!!!!!!!!!!

Press 1 to continue to go back to menu
Press 0 to exit this page
Enter your choice here:
  2023-01-18 21:20:12 INFO  UserAuthentication:24 - 
!!!!!!!!!!!!!!!Question Operation Menu!!!!!!!!!!!!!!!
  2023-01-18 21:20:12 INFO  UserAuthentication:25 - 
1.Add Questions
2.Display Questions
Enter you choice here:
  2023-01-18 21:20:14 INFO  UserAuthentication:75 - 
Q1 Instructor Instructor knowledgeable and handle all your queries
  2023-01-18 21:20:14 INFO  UserAuthentication:75 - 
Q2 Instructor All the topics in a particular course handled by the trainer without any gaps or slipages
  2023-01-18 21:20:14 INFO  UserAuthentication:75 - 
Q3 Course Material The course material(presentation,hands on,etc.) referred during the training are relevent and useful
  2023-01-18 21:20:14 INFO  UserAuthentication:75 - 
Q4 Course Material The reference material referred for each module are adequate
  2023-01-18 21:20:14 INFO  UserAuthentication:75 - 
Q5 Learning Effectiveness Knoweledge and skills presented in this training are applicable to your work
  2023-01-18 21:20:14 INFO  UserAuthentication:75 - 
Q6 Environment The physical environment(classroom space,air-conditioning) was conductive to learning
  2023-01-18 21:20:14 INFO  UserAuthentication:75 - 
Q7 Environment The software/hardware environment provided was sufficient for the purpose of the training
  2023-01-18 21:20:14 INFO  UserAuthentication:75 - 
Q8 Job Impact This training will improve your job performance
  2023-01-18 21:20:14 INFO  UserAuthentication:39 - 
!!!!!!!!!!!!!Question Menu Page!!!!!!!!!!!

Press 1 to continue to go back to menu
Press 0 to exit this page
Enter your choice here:
  2023-01-18 21:23:31 INFO  UserAuthentication:13 - 
Enter the Amount in USD: 
  2023-01-18 21:23:34 INFO  UserAuthentication:17 - 
4 USD in INR is equal to 329.08 Rs
  2023-01-18 21:24:37 INFO  UserAuthentication:17 - 
Enter the Amount in USD: 
  2023-01-18 21:24:39 INFO  UserAuthentication:21 - 
4 USD in INR is equal to 329.08 Rs
  2023-01-18 22:59:15 INFO  UserAuthentication:17 - 
Enter the Amount in USD: 
  2023-01-18 22:59:23 INFO  UserAuthentication:21 - 
5 USD in INR is equal to 411.34999999999997 Rs
  2023-01-18 23:00:24 INFO  UserAuthentication:17 - 
Enter the Amount in USD: 
  2023-01-18 23:00:30 INFO  UserAuthentication:21 - 
4 USD in INR is equal to 329.08 Rs
  2023-01-18 23:01:23 INFO  UserAuthentication:17 - 
Enter the Amount in USD: 
  2023-01-18 23:01:32 INFO  UserAuthentication:21 - 
4 USD in INR is equal to 329.08 Rs
  2023-01-18 23:03:22 INFO  UserAuthentication:21 - 
4 USD in INR is equal to 329.08 Rs
  2023-01-18 23:04:45 INFO  UserAuthentication:21 - 
4 USD in INR is equal to 329.08 Rs
  2023-01-19 11:50:27 INFO  UserAuthentication:23 - 
!!!!!!!!!!!!User Authentication!!!!!!!!!!!!!
  2023-01-19 11:50:27 INFO  UserAuthentication:24 - 
Enter choice
1.Sign In 
2.Display
Enter your choice:
  2023-01-19 11:50:53 INFO  UserAuthentication:34 - 

User Authentication Page
Press 1 to continue
Press 0 to terminate the program
Enter your choice:
  2023-01-19 11:51:07 INFO  UserAuthentication:23 - 
!!!!!!!!!!!!User Authentication!!!!!!!!!!!!!
  2023-01-19 11:51:07 INFO  UserAuthentication:24 - 
Enter choice
1.Sign In 
2.Display
Enter your choice:
  2023-01-19 11:51:16 INFO  UserAuthentication:24 - 
!!!!!!!!!!!!!!!Question Operation Menu!!!!!!!!!!!!!!!
  2023-01-19 11:51:16 INFO  UserAuthentication:25 - 
1.Add Questions
2.Display Questions
Enter you choice here:
  2023-01-19 11:51:31 INFO  UserAuthentication:26 - 
Enter questionId:
  2023-01-19 11:51:42 INFO  UserAuthentication:28 - 
Enter questionSection:
  2023-01-19 11:51:44 INFO  UserAuthentication:30 - 
Enter questionText:
  2023-01-19 11:51:45 INFO  UserAuthentication:37 - 
Enter another questionId
  2023-01-19 11:51:45 INFO  UserAuthentication:39 - 
!!!!!!!!!!!!!Question Menu Page!!!!!!!!!!!

Press 1 to continue to go back to menu
Press 0 to exit this page
Enter your choice here:
  2023-01-19 11:51:51 INFO  UserAuthentication:24 - 
!!!!!!!!!!!!!!!Question Operation Menu!!!!!!!!!!!!!!!
  2023-01-19 11:51:51 INFO  UserAuthentication:25 - 
1.Add Questions
2.Display Questions
Enter you choice here:
  2023-01-19 11:51:53 INFO  UserAuthentication:26 - 
Enter questionId:
  2023-01-19 11:52:00 INFO  UserAuthentication:28 - 
Enter questionSection:
  2023-01-19 11:52:07 INFO  UserAuthentication:30 - 
Enter questionText:
  2023-01-19 11:52:09 INFO  UserAuthentication:39 - 
!!!!!!!!!!!!!Question Menu Page!!!!!!!!!!!

Press 1 to continue to go back to menu
Press 0 to exit this page
Enter your choice here:
  2023-01-19 11:52:11 INFO  UserAuthentication:24 - 
!!!!!!!!!!!!!!!Question Operation Menu!!!!!!!!!!!!!!!
  2023-01-19 11:52:11 INFO  UserAuthentication:25 - 
1.Add Questions
2.Display Questions
Enter you choice here:
  2023-01-19 11:52:13 INFO  UserAuthentication:39 - 
!!!!!!!!!!!!!Question Menu Page!!!!!!!!!!!

Press 1 to continue to go back to menu
Press 0 to exit this page
Enter your choice here:
  2023-01-19 11:52:31 INFO  UserAuthentication:24 - 
!!!!!!!!!!!!!!!Question Operation Menu!!!!!!!!!!!!!!!
  2023-01-19 11:52:31 INFO  UserAuthentication:25 - 
1.Add Questions
2.Display Questions
Enter you choice here:
  2023-01-19 11:52:35 INFO  UserAuthentication:39 - 
!!!!!!!!!!!!!Question Menu Page!!!!!!!!!!!

Press 1 to continue to go back to menu
Press 0 to exit this page
Enter your choice here:
  2023-01-19 11:53:53 INFO  UserAuthentication:23 - 
!!!!!!!!!!!!User Authentication!!!!!!!!!!!!!
  2023-01-19 11:53:53 INFO  UserAuthentication:24 - 
Enter choice
1.Sign In 
2.Display
Enter your choice:
  2023-01-19 11:53:56 INFO  UserAuthentication:34 - 

User Authentication Page
Press 1 to continue
Press 0 to terminate the program
Enter your choice:
  2023-01-19 11:54:06 INFO  UserAuthentication:23 - 
!!!!!!!!!!!!User Authentication!!!!!!!!!!!!!
  2023-01-19 11:54:06 INFO  UserAuthentication:24 - 
Enter choice
1.Sign In 
2.Display
Enter your choice:
  2023-01-19 11:54:13 INFO  UserAuthentication:24 - 
!!!!!!!!!!!!!!!Question Operation Menu!!!!!!!!!!!!!!!
  2023-01-19 11:54:13 INFO  UserAuthentication:25 - 
1.Add Questions
2.Display Questions
Enter you choice here:
  2023-01-19 11:54:14 INFO  UserAuthentication:75 - 
Q1 Instructor Instructor knowledgeable and handle all your queries
  2023-01-19 11:54:14 INFO  UserAuthentication:75 - 
Q2 Instructor All the topics in a particular course handled by the trainer without any gaps or slipages
  2023-01-19 11:54:14 INFO  UserAuthentication:75 - 
Q3 Course Material The course material(presentation,hands on,etc.) referred during the training are relevent and useful
  2023-01-19 11:54:14 INFO  UserAuthentication:75 - 
Q4 Course Material The reference material referred for each module are adequate
  2023-01-19 11:54:14 INFO  UserAuthentication:75 - 
Q5 Learning Effectiveness Knoweledge and skills presented in this training are applicable to your work
  2023-01-19 11:54:14 INFO  UserAuthentication:75 - 
Q6 Environment The physical environment(classroom space,air-conditioning) was conductive to learning
  2023-01-19 11:54:14 INFO  UserAuthentication:75 - 
Q7 Environment The software/hardware environment provided was sufficient for the purpose of the training
  2023-01-19 11:54:14 INFO  UserAuthentication:75 - 
Q8 Job Impact This training will improve your job performance
  2023-01-19 11:54:14 INFO  UserAuthentication:39 - 
!!!!!!!!!!!!!Question Menu Page!!!!!!!!!!!

Press 1 to continue to go back to menu
Press 0 to exit this page
Enter your choice here:
  2023-01-19 11:55:08 INFO  UserAuthentication:23 - 
!!!!!!!!!!!!User Authentication!!!!!!!!!!!!!
  2023-01-19 11:55:08 INFO  UserAuthentication:24 - 
Enter choice
1.Sign In 
2.Display
Enter your choice:
  2023-01-19 14:11:04 INFO  UserAuthentication:24 - 
!!!!!!!!!!!!!!!Question Operation Menu!!!!!!!!!!!!!!!
  2023-01-19 14:11:04 INFO  UserAuthentication:25 - 
1.Add Questions
2.Display Questions
Enter you choice here:
  2023-01-19 14:11:06 INFO  UserAuthentication:79 - 
Q1 Instructor Instructor knowledgeable and handle all your queries
  2023-01-19 14:11:06 INFO  UserAuthentication:79 - 
Q2 Instructor All the topics in a particular course handled by the trainer without any gaps or slipages
  2023-01-19 14:11:06 INFO  UserAuthentication:79 - 
Q3 Course Material The course material(presentation,hands on,etc.) referred during the training are relevent and useful
  2023-01-19 14:11:06 INFO  UserAuthentication:79 - 
Q4 Course Material The reference material referred for each module are adequate
  2023-01-19 14:11:06 INFO  UserAuthentication:79 - 
Q5 Learning Effectiveness Knoweledge and skills presented in this training are applicable to your work
  2023-01-19 14:11:06 INFO  UserAuthentication:79 - 
Q6 Environment The physical environment(classroom space,air-conditioning) was conductive to learning
  2023-01-19 14:11:06 INFO  UserAuthentication:79 - 
Q7 Environment The software/hardware environment provided was sufficient for the purpose of the training
  2023-01-19 14:11:06 INFO  UserAuthentication:79 - 
Q8 Job Impact This training will improve your job performance
  2023-01-19 14:11:06 INFO  UserAuthentication:39 - 
!!!!!!!!!!!!!Question Menu Page!!!!!!!!!!!

Press 1 to continue to go back to menu
Press 0 to exit this page
Enter your choice here:
  2023-01-19 14:20:22 INFO  UserAuthentication:24 - 
!!!!!!!!!!!!!!!Question Operation Menu!!!!!!!!!!!!!!!
  2023-01-19 14:20:22 INFO  UserAuthentication:25 - 
1.Add Questions
2.Display Questions
Enter you choice here:
  2023-01-19 14:20:25 INFO  UserAuthentication:79 - 
Q1 Instructor Instructor knowledgeable and handle all your queries
  2023-01-19 14:20:25 INFO  UserAuthentication:79 - 
Q2 Instructor All the topics in a particular course handled by the trainer without any gaps or slipages
  2023-01-19 14:20:25 INFO  UserAuthentication:79 - 
Q3 Course Material The course material(presentation,hands on,etc.) referred during the training are relevent and useful
  2023-01-19 14:20:25 INFO  UserAuthentication:79 - 
Q4 Course Material The reference material referred for each module are adequate
  2023-01-19 14:20:25 INFO  UserAuthentication:79 - 
Q5 Learning Effectiveness Knoweledge and skills presented in this training are applicable to your work
  2023-01-19 14:20:25 INFO  UserAuthentication:79 - 
Q6 Environment The physical environment(classroom space,air-conditioning) was conductive to learning
  2023-01-19 14:20:25 INFO  UserAuthentication:79 - 
Q7 Environment The software/hardware environment provided was sufficient for the purpose of the training
  2023-01-19 14:20:25 INFO  UserAuthentication:79 - 
Q8 Job Impact This training will improve your job performance
  2023-01-19 14:20:25 INFO  UserAuthentication:39 - 
!!!!!!!!!!!!!Question Menu Page!!!!!!!!!!!

Press 1 to continue to go back to menu
Press 0 to exit this page
Enter your choice here:
  2023-01-19 14:28:58 INFO  UserAuthentication:24 - 
!!!!!!!!!!!!!!!Question Operation Menu!!!!!!!!!!!!!!!
  2023-01-19 14:28:58 INFO  UserAuthentication:25 - 
1.Add Questions
2.Display Questions
Enter you choice here:
  2023-01-19 14:29:00 INFO  UserAuthentication:79 - 
Q1 Instructor Instructor knowledgeable and handle all your queries
  2023-01-19 14:29:00 INFO  UserAuthentication:79 - 
Q2 Instructor All the topics in a particular course handled by the trainer without any gaps or slipages
  2023-01-19 14:29:00 INFO  UserAuthentication:79 - 
Q3 Course Material The course material(presentation,hands on,etc.) referred during the training are relevent and useful
  2023-01-19 14:29:00 INFO  UserAuthentication:79 - 
Q4 Course Material The reference material referred for each module are adequate
  2023-01-19 14:29:00 INFO  UserAuthentication:79 - 
Q5 Learning Effectiveness Knoweledge and skills presented in this training are applicable to your work
  2023-01-19 14:29:00 INFO  UserAuthentication:79 - 
Q6 Environment The physical environment(classroom space,air-conditioning) was conductive to learning
  2023-01-19 14:29:00 INFO  UserAuthentication:79 - 
Q7 Environment The software/hardware environment provided was sufficient for the purpose of the training
  2023-01-19 14:29:00 INFO  UserAuthentication:79 - 
Q8 Job Impact This training will improve your job performance
  2023-01-19 14:29:00 INFO  UserAuthentication:39 - 
!!!!!!!!!!!!!Question Menu Page!!!!!!!!!!!

Press 1 to continue to go back to menu
Press 0 to exit this page
Enter your choice here:
  2023-01-19 14:44:10 INFO  UserAuthentication:24 - 
!!!!!!!!!!!!!!!Question Operation Menu!!!!!!!!!!!!!!!
  2023-01-19 14:44:10 INFO  UserAuthentication:25 - 
1.Add Questions
2.Display Questions
Enter you choice here:
  2023-01-19 14:44:13 INFO  UserAuthentication:79 - 
Q1 Instructor Instructor knowledgeable and handle all your queries
  2023-01-19 14:44:13 INFO  UserAuthentication:79 - 
Q2 Instructor All the topics in a particular course handled by the trainer without any gaps or slipages
  2023-01-19 14:44:13 INFO  UserAuthentication:79 - 
Q3 Course Material The course material(presentation,hands on,etc.) referred during the training are relevent and useful
  2023-01-19 14:44:13 INFO  UserAuthentication:79 - 
Q4 Course Material The reference material referred for each module are adequate
  2023-01-19 14:44:13 INFO  UserAuthentication:79 - 
Q5 Learning Effectiveness Knoweledge and skills presented in this training are applicable to your work
  2023-01-19 14:44:13 INFO  UserAuthentication:79 - 
Q6 Environment The physical environment(classroom space,air-conditioning) was conductive to learning
  2023-01-19 14:44:13 INFO  UserAuthentication:79 - 
Q7 Environment The software/hardware environment provided was sufficient for the purpose of the training
  2023-01-19 14:44:13 INFO  UserAuthentication:79 - 
Q8 Job Impact This training will improve your job performance
  2023-01-19 14:44:13 INFO  UserAuthentication:39 - 
!!!!!!!!!!!!!Question Menu Page!!!!!!!!!!!

Press 1 to continue to go back to menu
Press 0 to exit this page
Enter your choice here:
  2023-01-19 14:53:10 INFO  UserAuthentication:79 - 
Q1 Instructor Instructor knowledgeable and handle all your queries
  2023-01-19 14:53:10 INFO  UserAuthentication:79 - 
Q2 Instructor All the topics in a particular course handled by the trainer without any gaps or slipages
  2023-01-19 14:53:10 INFO  UserAuthentication:79 - 
Q3 Course Material The course material(presentation,hands on,etc.) referred during the training are relevent and useful
  2023-01-19 14:53:10 INFO  UserAuthentication:79 - 
Q4 Course Material The reference material referred for each module are adequate
  2023-01-19 14:53:10 INFO  UserAuthentication:79 - 
Q5 Learning Effectiveness Knoweledge and skills presented in this training are applicable to your work
  2023-01-19 14:53:10 INFO  UserAuthentication:79 - 
Q6 Environment The physical environment(classroom space,air-conditioning) was conductive to learning
  2023-01-19 14:53:10 INFO  UserAuthentication:79 - 
Q7 Environment The software/hardware environment provided was sufficient for the purpose of the training
  2023-01-19 14:53:10 INFO  UserAuthentication:79 - 
Q8 Job Impact This training will improve your job performance
  2023-01-19 14:55:51 INFO  UserAuthentication:79 - 
Q1 Instructor Instructor knowledgeable and handle all your queries
  2023-01-19 14:55:51 INFO  UserAuthentication:79 - 
Q2 Instructor All the topics in a particular course handled by the trainer without any gaps or slipages
  2023-01-19 14:55:51 INFO  UserAuthentication:79 - 
Q3 Course Material The course material(presentation,hands on,etc.) referred during the training are relevent and useful
  2023-01-19 14:55:51 INFO  UserAuthentication:79 - 
Q4 Course Material The reference material referred for each module are adequate
  2023-01-19 14:55:51 INFO  UserAuthentication:79 - 
Q5 Learning Effectiveness Knoweledge and skills presented in this training are applicable to your work
  2023-01-19 14:55:51 INFO  UserAuthentication:79 - 
Q6 Environment The physical environment(classroom space,air-conditioning) was conductive to learning
  2023-01-19 14:55:51 INFO  UserAuthentication:79 - 
Q7 Environment The software/hardware environment provided was sufficient for the purpose of the training
  2023-01-19 14:55:51 INFO  UserAuthentication:79 - 
Q8 Job Impact This training will improve your job performance
  2023-01-19 14:55:51 INFO  UserAuthentication:79 - 
Q9 Course Material Admin
  2023-01-19 14:56:04 INFO  UserAuthentication:79 - 
Q1 Instructor Instructor knowledgeable and handle all your queries
  2023-01-19 14:56:04 INFO  UserAuthentication:79 - 
Q2 Instructor All the topics in a particular course handled by the trainer without any gaps or slipages
  2023-01-19 14:56:04 INFO  UserAuthentication:79 - 
Q3 Course Material The course material(presentation,hands on,etc.) referred during the training are relevent and useful
  2023-01-19 14:56:04 INFO  UserAuthentication:79 - 
Q4 Course Material The reference material referred for each module are adequate
  2023-01-19 14:56:04 INFO  UserAuthentication:79 - 
Q5 Learning Effectiveness Knoweledge and skills presented in this training are applicable to your work
  2023-01-19 14:56:04 INFO  UserAuthentication:79 - 
Q6 Environment The physical environment(classroom space,air-conditioning) was conductive to learning
  2023-01-19 14:56:04 INFO  UserAuthentication:79 - 
Q7 Environment The software/hardware environment provided was sufficient for the purpose of the training
  2023-01-19 14:56:04 INFO  UserAuthentication:79 - 
Q8 Job Impact This training will improve your job performance
  2023-01-19 14:56:04 INFO  UserAuthentication:79 - 
Q9 Course Material Admin
  2023-01-19 14:57:08 INFO  UserAuthentication:79 - 
Q1 Instructor Instructor knowledgeable and handle all your queries
  2023-01-19 14:57:08 INFO  UserAuthentication:79 - 
Q2 Instructor All the topics in a particular course handled by the trainer without any gaps or slipages
  2023-01-19 14:57:08 INFO  UserAuthentication:79 - 
Q3 Course Material The course material(presentation,hands on,etc.) referred during the training are relevent and useful
  2023-01-19 14:57:08 INFO  UserAuthentication:79 - 
Q4 Course Material The reference material referred for each module are adequate
  2023-01-19 14:57:08 INFO  UserAuthentication:79 - 
Q5 Learning Effectiveness Knoweledge and skills presented in this training are applicable to your work
  2023-01-19 14:57:08 INFO  UserAuthentication:79 - 
Q6 Environment The physical environment(classroom space,air-conditioning) was conductive to learning
  2023-01-19 14:57:08 INFO  UserAuthentication:79 - 
Q7 Environment The software/hardware environment provided was sufficient for the purpose of the training
  2023-01-19 14:57:08 INFO  UserAuthentication:79 - 
Q8 Job Impact This training will improve your job performance
  2023-01-19 14:57:08 INFO  UserAuthentication:79 - 
Q9 Course Material Admin
  2023-01-19 15:00:47 INFO  UserAuthentication:23 - 
!!!!!!!!!!!!User Authentication!!!!!!!!!!!!!
  2023-01-19 15:00:47 INFO  UserAuthentication:24 - 
Enter choice
1.Sign In 
2.Display
Enter your choice:
  2023-01-19 15:00:53 INFO  UserAuthentication:24 - 
!!!!!!!!!!!!!!!Question Operation Menu!!!!!!!!!!!!!!!
  2023-01-19 15:00:53 INFO  UserAuthentication:25 - 
1.Add Questions
2.Display Questions
Enter you choice here:
  2023-01-19 15:05:43 INFO  UserAuthentication:79 - 
Q1 Instructor Instructor knowledgeable and handle all your queries
  2023-01-19 15:05:43 INFO  UserAuthentication:79 - 
Q2 Instructor All the topics in a particular course handled by the trainer without any gaps or slipages
  2023-01-19 15:05:43 INFO  UserAuthentication:79 - 
Q3 Course Material The course material(presentation,hands on,etc.) referred during the training are relevent and useful
  2023-01-19 15:05:43 INFO  UserAuthentication:79 - 
Q4 Course Material The reference material referred for each module are adequate
  2023-01-19 15:05:43 INFO  UserAuthentication:79 - 
Q5 Learning Effectiveness Knoweledge and skills presented in this training are applicable to your work
  2023-01-19 15:05:43 INFO  UserAuthentication:79 - 
Q6 Environment The physical environment(classroom space,air-conditioning) was conductive to learning
  2023-01-19 15:05:43 INFO  UserAuthentication:79 - 
Q7 Environment The software/hardware environment provided was sufficient for the purpose of the training
  2023-01-19 15:05:43 INFO  UserAuthentication:79 - 
Q8 Job Impact This training will improve your job performance
  2023-01-19 15:05:43 INFO  UserAuthentication:79 - 
Q9 Course Material Admin
  2023-01-19 15:06:02 INFO  UserAuthentication:79 - 
Q1 Instructor Instructor knowledgeable and handle all your queries
  2023-01-19 15:06:02 INFO  UserAuthentication:79 - 
Q2 Instructor All the topics in a particular course handled by the trainer without any gaps or slipages
  2023-01-19 15:06:02 INFO  UserAuthentication:79 - 
Q3 Course Material The course material(presentation,hands on,etc.) referred during the training are relevent and useful
  2023-01-19 15:06:02 INFO  UserAuthentication:79 - 
Q4 Course Material The reference material referred for each module are adequate
  2023-01-19 15:06:02 INFO  UserAuthentication:79 - 
Q5 Learning Effectiveness Knoweledge and skills presented in this training are applicable to your work
  2023-01-19 15:06:02 INFO  UserAuthentication:79 - 
Q6 Environment The physical environment(classroom space,air-conditioning) was conductive to learning
  2023-01-19 15:06:02 INFO  UserAuthentication:79 - 
Q7 Environment The software/hardware environment provided was sufficient for the purpose of the training
  2023-01-19 15:06:02 INFO  UserAuthentication:79 - 
Q8 Job Impact This training will improve your job performance
  2023-01-19 15:06:02 INFO  UserAuthentication:79 - 
Q9 Course Material Admin
  2023-01-19 15:06:24 INFO  UserAuthentication:79 - 
Q1 Instructor Instructor knowledgeable and handle all your queries
  2023-01-19 15:06:24 INFO  UserAuthentication:79 - 
Q2 Instructor All the topics in a particular course handled by the trainer without any gaps or slipages
  2023-01-19 15:06:24 INFO  UserAuthentication:79 - 
Q3 Course Material The course material(presentation,hands on,etc.) referred during the training are relevent and useful
  2023-01-19 15:06:24 INFO  UserAuthentication:79 - 
Q4 Course Material The reference material referred for each module are adequate
  2023-01-19 15:06:24 INFO  UserAuthentication:79 - 
Q5 Learning Effectiveness Knoweledge and skills presented in this training are applicable to your work
  2023-01-19 15:06:24 INFO  UserAuthentication:79 - 
Q6 Environment The physical environment(classroom space,air-conditioning) was conductive to learning
  2023-01-19 15:06:24 INFO  UserAuthentication:79 - 
Q7 Environment The software/hardware environment provided was sufficient for the purpose of the training
  2023-01-19 15:06:24 INFO  UserAuthentication:79 - 
Q8 Job Impact This training will improve your job performance
  2023-01-19 15:06:24 INFO  UserAuthentication:79 - 
Q9 Course Material Admin
  2023-01-19 21:19:50 INFO  UserAuthentication:76 - 
Q1 Instructor Instructor knowledgeable and handle all your queries
  2023-01-19 21:19:50 INFO  UserAuthentication:76 - 
Q2 Instructor All the topics in a particular course handled by the trainer without any gaps or slipages
  2023-01-19 21:19:50 INFO  UserAuthentication:76 - 
Q3 Course Material The course material(presentation,hands on,etc.) referred during the training are relevent and useful
  2023-01-19 21:19:50 INFO  UserAuthentication:76 - 
Q4 Course Material The reference material referred for each module are adequate
  2023-01-19 21:19:50 INFO  UserAuthentication:76 - 
Q5 Learning Effectiveness Knoweledge and skills presented in this training are applicable to your work
  2023-01-19 21:19:50 INFO  UserAuthentication:76 - 
Q6 Environment The physical environment(classroom space,air-conditioning) was conductive to learning
  2023-01-19 21:19:50 INFO  UserAuthentication:76 - 
Q7 Environment The software/hardware environment provided was sufficient for the purpose of the training
  2023-01-19 21:19:50 INFO  UserAuthentication:76 - 
Q8 Job Impact This training will improve your job performance
  2023-01-19 21:19:50 INFO  UserAuthentication:76 - 
Q9 Course Material Admin
  